<?xml version="1.0" encoding="UTF-8"?>
<testsuite xmlns:xsi="http://www.w3.org/2001/XMLSchema-instance" xsi:noNamespaceSchemaLocation="https://maven.apache.org/surefire/maven-surefire-plugin/xsd/surefire-test-report-3.0.xsd" version="3.0" name="com.example.api.AuthorsApiTest" time="1.309" tests="15" errors="0" skipped="0" failures="0">
  <properties>
    <property name="java.specification.version" value="24"/>
    <property name="sun.jnu.encoding" value="UTF-8"/>
    <property name="java.class.path" value="/Users/lukasz.fabijanski/IdeaProjects/Online-Bookstore/target/test-classes:/Users/lukasz.fabijanski/IdeaProjects/Online-Bookstore/target/classes:/Users/lukasz.fabijanski/.m2/repository/io/rest-assured/rest-assured/5.3.0/rest-assured-5.3.0.jar:/Users/lukasz.fabijanski/.m2/repository/org/apache/groovy/groovy/4.0.6/groovy-4.0.6.jar:/Users/lukasz.fabijanski/.m2/repository/org/apache/groovy/groovy-xml/4.0.6/groovy-xml-4.0.6.jar:/Users/lukasz.fabijanski/.m2/repository/org/apache/httpcomponents/httpclient/4.5.13/httpclient-4.5.13.jar:/Users/lukasz.fabijanski/.m2/repository/org/apache/httpcomponents/httpcore/4.4.13/httpcore-4.4.13.jar:/Users/lukasz.fabijanski/.m2/repository/commons-logging/commons-logging/1.2/commons-logging-1.2.jar:/Users/lukasz.fabijanski/.m2/repository/commons-codec/commons-codec/1.11/commons-codec-1.11.jar:/Users/lukasz.fabijanski/.m2/repository/org/apache/httpcomponents/httpmime/4.5.13/httpmime-4.5.13.jar:/Users/lukasz.fabijanski/.m2/repository/org/ccil/cowan/tagsoup/tagsoup/1.2.1/tagsoup-1.2.1.jar:/Users/lukasz.fabijanski/.m2/repository/io/rest-assured/json-path/5.3.0/json-path-5.3.0.jar:/Users/lukasz.fabijanski/.m2/repository/org/apache/groovy/groovy-json/4.0.6/groovy-json-4.0.6.jar:/Users/lukasz.fabijanski/.m2/repository/io/rest-assured/rest-assured-common/5.3.0/rest-assured-common-5.3.0.jar:/Users/lukasz.fabijanski/.m2/repository/io/rest-assured/xml-path/5.3.0/xml-path-5.3.0.jar:/Users/lukasz.fabijanski/.m2/repository/org/apache/commons/commons-lang3/3.11/commons-lang3-3.11.jar:/Users/lukasz.fabijanski/.m2/repository/org/junit/jupiter/junit-jupiter-api/5.8.2/junit-jupiter-api-5.8.2.jar:/Users/lukasz.fabijanski/.m2/repository/org/opentest4j/opentest4j/1.2.0/opentest4j-1.2.0.jar:/Users/lukasz.fabijanski/.m2/repository/org/junit/platform/junit-platform-commons/1.8.2/junit-platform-commons-1.8.2.jar:/Users/lukasz.fabijanski/.m2/repository/org/apiguardian/apiguardian-api/1.1.2/apiguardian-api-1.1.2.jar:/Users/lukasz.fabijanski/.m2/repository/org/junit/jupiter/junit-jupiter-engine/5.8.2/junit-jupiter-engine-5.8.2.jar:/Users/lukasz.fabijanski/.m2/repository/org/junit/platform/junit-platform-engine/1.8.2/junit-platform-engine-1.8.2.jar:/Users/lukasz.fabijanski/.m2/repository/org/hamcrest/hamcrest/2.2/hamcrest-2.2.jar:"/>
    <property name="java.vm.vendor" value="Homebrew"/>
    <property name="sun.arch.data.model" value="64"/>
    <property name="java.vendor.url" value="https://github.com/Homebrew/homebrew-core/issues"/>
    <property name="user.timezone" value="Europe/Warsaw"/>
    <property name="os.name" value="Mac OS X"/>
    <property name="java.vm.specification.version" value="24"/>
    <property name="sun.java.launcher" value="SUN_STANDARD"/>
    <property name="user.country" value="PL"/>
    <property name="sun.boot.library.path" value="/opt/homebrew/Cellar/openjdk/24.0.1/libexec/openjdk.jdk/Contents/Home/lib"/>
    <property name="sun.java.command" value="/Users/lukasz.fabijanski/IdeaProjects/Online-Bookstore/target/surefire/surefirebooter8003028494594711535.jar /Users/lukasz.fabijanski/IdeaProjects/Online-Bookstore/target/surefire 2025-08-04T15-29-41_481-jvmRun1 surefire6452475863926242909tmp surefire_09420438200556087903tmp"/>
    <property name="http.nonProxyHosts" value="local|*.local|169.254/16|*.169.254/16"/>
    <property name="jdk.debug" value="release"/>
    <property name="surefire.test.class.path" value="/Users/lukasz.fabijanski/IdeaProjects/Online-Bookstore/target/test-classes:/Users/lukasz.fabijanski/IdeaProjects/Online-Bookstore/target/classes:/Users/lukasz.fabijanski/.m2/repository/io/rest-assured/rest-assured/5.3.0/rest-assured-5.3.0.jar:/Users/lukasz.fabijanski/.m2/repository/org/apache/groovy/groovy/4.0.6/groovy-4.0.6.jar:/Users/lukasz.fabijanski/.m2/repository/org/apache/groovy/groovy-xml/4.0.6/groovy-xml-4.0.6.jar:/Users/lukasz.fabijanski/.m2/repository/org/apache/httpcomponents/httpclient/4.5.13/httpclient-4.5.13.jar:/Users/lukasz.fabijanski/.m2/repository/org/apache/httpcomponents/httpcore/4.4.13/httpcore-4.4.13.jar:/Users/lukasz.fabijanski/.m2/repository/commons-logging/commons-logging/1.2/commons-logging-1.2.jar:/Users/lukasz.fabijanski/.m2/repository/commons-codec/commons-codec/1.11/commons-codec-1.11.jar:/Users/lukasz.fabijanski/.m2/repository/org/apache/httpcomponents/httpmime/4.5.13/httpmime-4.5.13.jar:/Users/lukasz.fabijanski/.m2/repository/org/ccil/cowan/tagsoup/tagsoup/1.2.1/tagsoup-1.2.1.jar:/Users/lukasz.fabijanski/.m2/repository/io/rest-assured/json-path/5.3.0/json-path-5.3.0.jar:/Users/lukasz.fabijanski/.m2/repository/org/apache/groovy/groovy-json/4.0.6/groovy-json-4.0.6.jar:/Users/lukasz.fabijanski/.m2/repository/io/rest-assured/rest-assured-common/5.3.0/rest-assured-common-5.3.0.jar:/Users/lukasz.fabijanski/.m2/repository/io/rest-assured/xml-path/5.3.0/xml-path-5.3.0.jar:/Users/lukasz.fabijanski/.m2/repository/org/apache/commons/commons-lang3/3.11/commons-lang3-3.11.jar:/Users/lukasz.fabijanski/.m2/repository/org/junit/jupiter/junit-jupiter-api/5.8.2/junit-jupiter-api-5.8.2.jar:/Users/lukasz.fabijanski/.m2/repository/org/opentest4j/opentest4j/1.2.0/opentest4j-1.2.0.jar:/Users/lukasz.fabijanski/.m2/repository/org/junit/platform/junit-platform-commons/1.8.2/junit-platform-commons-1.8.2.jar:/Users/lukasz.fabijanski/.m2/repository/org/apiguardian/apiguardian-api/1.1.2/apiguardian-api-1.1.2.jar:/Users/lukasz.fabijanski/.m2/repository/org/junit/jupiter/junit-jupiter-engine/5.8.2/junit-jupiter-engine-5.8.2.jar:/Users/lukasz.fabijanski/.m2/repository/org/junit/platform/junit-platform-engine/1.8.2/junit-platform-engine-1.8.2.jar:/Users/lukasz.fabijanski/.m2/repository/org/hamcrest/hamcrest/2.2/hamcrest-2.2.jar:"/>
    <property name="sun.cpu.endian" value="little"/>
    <property name="user.home" value="/Users/lukasz.fabijanski"/>
    <property name="user.language" value="en"/>
    <property name="java.specification.vendor" value="Oracle Corporation"/>
    <property name="java.version.date" value="2025-04-15"/>
    <property name="java.home" value="/opt/homebrew/Cellar/openjdk/24.0.1/libexec/openjdk.jdk/Contents/Home"/>
    <property name="file.separator" value="/"/>
    <property name="basedir" value="/Users/lukasz.fabijanski/IdeaProjects/Online-Bookstore"/>
    <property name="java.vm.compressedOopsMode" value="Zero based"/>
    <property name="line.separator" value="&#10;"/>
    <property name="java.vm.specification.vendor" value="Oracle Corporation"/>
    <property name="java.specification.name" value="Java Platform API Specification"/>
    <property name="apple.awt.application.name" value="ForkedBooter"/>
    <property name="surefire.real.class.path" value="/Users/lukasz.fabijanski/IdeaProjects/Online-Bookstore/target/surefire/surefirebooter8003028494594711535.jar"/>
    <property name="sun.management.compiler" value="HotSpot 64-Bit Tiered Compilers"/>
    <property name="ftp.nonProxyHosts" value="local|*.local|169.254/16|*.169.254/16"/>
    <property name="java.runtime.version" value="24.0.1"/>
    <property name="user.name" value="lukasz.fabijanski"/>
    <property name="stdout.encoding" value="UTF-8"/>
    <property name="path.separator" value=":"/>
    <property name="os.version" value="15.5"/>
    <property name="java.runtime.name" value="OpenJDK Runtime Environment"/>
    <property name="file.encoding" value="UTF-8"/>
    <property name="java.vm.name" value="OpenJDK 64-Bit Server VM"/>
    <property name="java.vendor.version" value="Homebrew"/>
    <property name="localRepository" value="/Users/lukasz.fabijanski/.m2/repository"/>
    <property name="java.vendor.url.bug" value="https://github.com/Homebrew/homebrew-core/issues"/>
    <property name="java.io.tmpdir" value="/var/folders/cg/s84y34851wlb22lgysyh_w1r0000gp/T/"/>
    <property name="java.version" value="24.0.1"/>
    <property name="user.dir" value="/Users/lukasz.fabijanski/IdeaProjects/Online-Bookstore"/>
    <property name="os.arch" value="aarch64"/>
    <property name="java.vm.specification.name" value="Java Virtual Machine Specification"/>
    <property name="native.encoding" value="UTF-8"/>
    <property name="java.library.path" value="/Users/lukasz.fabijanski/Library/Java/Extensions:/Library/Java/Extensions:/Network/Library/Java/Extensions:/System/Library/Java/Extensions:/usr/lib/java:."/>
    <property name="java.vm.info" value="mixed mode, sharing"/>
    <property name="stderr.encoding" value="UTF-8"/>
    <property name="java.vendor" value="Homebrew"/>
    <property name="java.vm.version" value="24.0.1"/>
    <property name="sun.io.unicode.encoding" value="UnicodeBig"/>
    <property name="socksNonProxyHosts" value="local|*.local|169.254/16|*.169.254/16"/>
    <property name="java.class.version" value="68.0"/>
  </properties>
  <testcase name="getAllAuthors" classname="com.example.api.AuthorsApiTest" time="0.088"/>
  <testcase name="createAuthor" classname="com.example.api.AuthorsApiTest" time="0.131"/>
  <testcase name="getAuthorById" classname="com.example.api.AuthorsApiTest" time="0.085"/>
  <testcase name="updateAuthor" classname="com.example.api.AuthorsApiTest" time="0.074"/>
  <testcase name="deleteAuthor" classname="com.example.api.AuthorsApiTest" time="0.076"/>
  <testcase name="createAuthorWithSpecialCharacters" classname="com.example.api.AuthorsApiTest" time="0.093"/>
  <testcase name="getAuthorWithInvalidId" classname="com.example.api.AuthorsApiTest" time="0.07"/>
  <testcase name="createAuthorMissingFirstName" classname="com.example.api.AuthorsApiTest" time="0.105"/>
  <testcase name="createAuthorWithEmptyFields" classname="com.example.api.AuthorsApiTest" time="0.086"/>
  <testcase name="createAuthorWithExtraFields" classname="com.example.api.AuthorsApiTest" time="0.083"/>
  <testcase name="createAuthorWithNullFields" classname="com.example.api.AuthorsApiTest" time="0.089"/>
  <testcase name="updateNonExistentAuthor" classname="com.example.api.AuthorsApiTest" time="0.078"/>
  <testcase name="createAuthorWithLongFields" classname="com.example.api.AuthorsApiTest" time="0.085"/>
  <testcase name="createAuthorWithInvalidJson" classname="com.example.api.AuthorsApiTest" time="0.075"/>
  <testcase name="deleteNonExistentAuthor" classname="com.example.api.AuthorsApiTest" time="0.082"/>
</testsuite>